Arguments: 
  C:\Program Files\nodejs\node.exe C:\Users\aditya.karve\AppData\Local\node\corepack\yarn\1.22.19\bin\yarn.js install --production --no-optional --network-timeout 1000000

PATH: 
  D:\poc_app\node_modules\.bin;D:\node_modules\.bin;C:\Program Files\nodejs;C:\Users\aditya.karve\AppData\Local\npm-cache\_npx\f5b733dbc92df62b\node_modules\.bin;D:\node_modules\.bin;C:\Users\aditya.karve\AppData\Roaming\nvm\v16.13.1\node_modules\npm\node_modules\@npmcli\run-script\lib\node-gyp-bin;C:\Program Files\Common Files\Oracle\Java\javapath;C:\WINDOWS\system32;C:\WINDOWS;C:\WINDOWS\System32\Wbem;C:\WINDOWS\System32\WindowsPowerShell\v1.0\;C:\WINDOWS\System32\OpenSSH\;C:\Users\aditya.karve\AppData\Roaming\nvm;C:\Program Files\nodejs;C:\Program Files\Git\cmd;C:\Program Files\Go\bin;C:\Users\aditya.karve\AppData\Local\Microsoft\WindowsApps;C:\Users\aditya.karve\AppData\Local\Programs\Microsoft VS Code\bin;C:\Users\aditya.karve\go\bin

Yarn version: 
  1.22.19

Node version: 
  16.13.1

Platform: 
  win32 x64

Trace: 
  Error: https://registry.yarnpkg.com/rxjs/-/rxjs-6.6.7.tgz: ESOCKETTIMEDOUT
      at ClientRequest.<anonymous> (C:\Users\aditya.karve\AppData\Local\node\corepack\yarn\1.22.19\lib\cli.js:141517:19)
      at Object.onceWrapper (node:events:509:28)
      at ClientRequest.emit (node:events:390:28)
      at TLSSocket.emitRequestTimeout (node:_http_client:763:9)
      at Object.onceWrapper (node:events:509:28)
      at TLSSocket.emit (node:events:402:35)
      at TLSSocket.Socket._onTimeout (node:net:501:8)
      at listOnTimeout (node:internal/timers:557:17)
      at processTimers (node:internal/timers:500:7)

npm manifest: 
  {
    "name": "poc-app",
    "private": true,
    "version": "0.1.0",
    "description": "A Strapi application",
    "scripts": {
      "develop": "strapi develop",
      "start": "strapi start",
      "build": "strapi build",
      "strapi": "strapi"
    },
    "devDependencies": {},
    "dependencies": {
      "@strapi/strapi": "4.6.1",
      "@strapi/plugin-users-permissions": "4.6.1",
      "@strapi/plugin-i18n": "4.6.1",
      "better-sqlite3": "8.0.1"
    },
    "author": {
      "name": "A Strapi developer"
    },
    "strapi": {
      "uuid": "aa80eea9-b20e-43bd-9816-95d67ef1092b"
    },
    "engines": {
      "node": ">=14.19.1 <=18.x.x",
      "npm": ">=6.0.0"
    },
    "license": "MIT"
  }

yarn manifest: 
  No manifest

Lockfile: 
  No lockfile
